{"C:\\Pruebas\\Clima\\WeatherApp\\AppMock.js": {"path":"C:\\Pruebas\\Clima\\WeatherApp\\AppMock.js","statementMap":{"0":{"start":{"line":5,"column":2},"end":{"line":24,"column":4}}},"fnMap":{"0":{"name":"AppMock","decl":{"start":{"line":4,"column":24},"end":{"line":4,"column":31}},"loc":{"start":{"line":4,"column":34},"end":{"line":25,"column":1}},"line":4}},"branchMap":{},"s":{"0":3},"f":{"0":3},"b":{},"_coverageSchema":"1a1c01bbd47fc00a2c39e90264f33305004495a9","hash":"dd4cc467b590789cabccf73849d805d07f05d3e5"}
}
